2025-04-23T17:51:37.390+02:00  INFO 27120 --- [auction] [main] com.mirs.auction.AuctionApplication      : Starting AuctionApplication using Java 21.0.4 with PID 27120 (C:\Users\Bitor\Desktop\auction-backend\target\classes started by Bitor in C:\Users\Bitor\Desktop\auction-backend)
2025-04-23T17:51:37.395+02:00  INFO 27120 --- [auction] [main] com.mirs.auction.AuctionApplication      : No active profile set, falling back to 1 default profile: "default"
2025-04-23T17:51:39.450+02:00  INFO 27120 --- [auction] [main] .s.d.r.c.RepositoryConfigurationDelegate : Bootstrapping Spring Data JPA repositories in DEFAULT mode.
2025-04-23T17:51:39.624+02:00  INFO 27120 --- [auction] [main] .s.d.r.c.RepositoryConfigurationDelegate : Finished Spring Data repository scanning in 151 ms. Found 5 JPA repository interfaces.
2025-04-23T17:51:41.277+02:00  INFO 27120 --- [auction] [main] o.s.b.w.embedded.tomcat.TomcatWebServer  : Tomcat initialized with port 8080 (http)
2025-04-23T17:51:41.322+02:00  INFO 27120 --- [auction] [main] o.apache.catalina.core.StandardService   : Starting service [Tomcat]
2025-04-23T17:51:41.326+02:00  INFO 27120 --- [auction] [main] o.apache.catalina.core.StandardEngine    : Starting Servlet engine: [Apache Tomcat/10.1.39]
2025-04-23T17:51:41.520+02:00  INFO 27120 --- [auction] [main] o.a.c.c.C.[Tomcat].[localhost].[/]       : Initializing Spring embedded WebApplicationContext
2025-04-23T17:51:41.521+02:00  INFO 27120 --- [auction] [main] w.s.c.ServletWebServerApplicationContext : Root WebApplicationContext: initialization completed in 3953 ms
2025-04-23T17:51:42.063+02:00  INFO 27120 --- [auction] [main] o.hibernate.jpa.internal.util.LogHelper  : HHH000204: Processing PersistenceUnitInfo [name: default]
2025-04-23T17:51:42.239+02:00  INFO 27120 --- [auction] [main] org.hibernate.Version                    : HHH000412: Hibernate ORM core version 6.6.11.Final
2025-04-23T17:51:42.370+02:00  INFO 27120 --- [auction] [main] o.h.c.internal.RegionFactoryInitiator    : HHH000026: Second-level cache disabled
2025-04-23T17:51:43.464+02:00  INFO 27120 --- [auction] [main] o.s.o.j.p.SpringPersistenceUnitInfo      : No LoadTimeWeaver setup: ignoring JPA class transformer
2025-04-23T17:51:43.572+02:00  INFO 27120 --- [auction] [main] com.zaxxer.hikari.HikariDataSource       : HikariPool-1 - Starting...
2025-04-23T17:51:44.084+02:00  INFO 27120 --- [auction] [main] com.zaxxer.hikari.pool.HikariPool        : HikariPool-1 - Added connection org.postgresql.jdbc.PgConnection@3cf4dec7
2025-04-23T17:51:44.088+02:00  INFO 27120 --- [auction] [main] com.zaxxer.hikari.HikariDataSource       : HikariPool-1 - Start completed.
2025-04-23T17:51:44.161+02:00  WARN 27120 --- [auction] [main] org.hibernate.orm.deprecation            : HHH90000025: PostgreSQLDialect does not need to be specified explicitly using 'hibernate.dialect' (remove the property setting and it will be selected by default)
2025-04-23T17:51:44.210+02:00  INFO 27120 --- [auction] [main] org.hibernate.orm.connections.pooling    : HHH10001005: Database info:
	Database JDBC URL [Connecting through datasource 'HikariDataSource (HikariPool-1)']
	Database driver: undefined/unknown
	Database version: 17.4
	Autocommit mode: undefined/unknown
	Isolation level: undefined/unknown
	Minimum pool size: undefined/unknown
	Maximum pool size: undefined/unknown
2025-04-23T17:51:47.540+02:00  INFO 27120 --- [auction] [main] o.h.e.t.j.p.i.JtaPlatformInitiator       : HHH000489: No JTA platform available (set 'hibernate.transaction.jta.platform' to enable JTA platform integration)
2025-04-23T17:51:48.196+02:00  INFO 27120 --- [auction] [main] j.LocalContainerEntityManagerFactoryBean : Initialized JPA EntityManagerFactory for persistence unit 'default'
2025-04-23T17:51:49.156+02:00  WARN 27120 --- [auction] [main] JpaBaseConfiguration$JpaWebConfiguration : spring.jpa.open-in-view is enabled by default. Therefore, database queries may be performed during view rendering. Explicitly configure spring.jpa.open-in-view to disable this warning
2025-04-23T17:51:49.224+02:00  INFO 27120 --- [auction] [main] eAuthenticationProviderManagerConfigurer : Global AuthenticationManager configured with AuthenticationProvider bean with name authProvider
2025-04-23T17:51:49.225+02:00  WARN 27120 --- [auction] [main] r$InitializeUserDetailsManagerConfigurer : Global AuthenticationManager configured with an AuthenticationProvider bean. UserDetailsService beans will not be used by Spring Security for automatically configuring username/password login. Consider removing the AuthenticationProvider bean. Alternatively, consider using the UserDetailsService in a manually instantiated DaoAuthenticationProvider. If the current configuration is intentional, to turn off this warning, increase the logging level of 'org.springframework.security.config.annotation.authentication.configuration.InitializeUserDetailsBeanManagerConfigurer' to ERROR
2025-04-23T17:51:50.784+02:00  INFO 27120 --- [auction] [main] o.s.m.s.b.SimpleBrokerMessageHandler     : Starting...
2025-04-23T17:51:50.787+02:00  INFO 27120 --- [auction] [main] o.s.m.s.b.SimpleBrokerMessageHandler     : BrokerAvailabilityEvent[available=true, SimpleBrokerMessageHandler [org.springframework.messaging.simp.broker.DefaultSubscriptionRegistry@53c0424a]]
2025-04-23T17:51:50.792+02:00  INFO 27120 --- [auction] [main] o.s.m.s.b.SimpleBrokerMessageHandler     : Started.
2025-04-23T17:51:50.863+02:00  INFO 27120 --- [auction] [main] o.s.b.w.embedded.tomcat.TomcatWebServer  : Tomcat started on port 8080 (http) with context path '/'
2025-04-23T17:51:50.885+02:00  INFO 27120 --- [auction] [main] com.mirs.auction.AuctionApplication      : Started AuctionApplication in 14.934 seconds (process running for 16.778)
2025-04-23T17:52:50.775+02:00  INFO 27120 --- [auction] [MessageBroker-1] o.s.w.s.c.WebSocketMessageBrokerStats    : WebSocketSession[0 current WS(0)-HttpStream(0)-HttpPoll(0), 0 total, 0 closed abnormally (0 connect failure, 0 send limit, 0 transport error)], stompSubProtocol[processed CONNECT(0)-CONNECTED(0)-DISCONNECT(0)], stompBrokerRelay[null], inboundChannel[pool size = 0, active threads = 0, queued tasks = 0, completed tasks = 0], outboundChannel[pool size = 0, active threads = 0, queued tasks = 0, completed tasks = 0], sockJsScheduler[pool size = 1, active threads = 1, queued tasks = 0, completed tasks = 0]
2025-04-23T17:52:53.206+02:00  INFO 27120 --- [auction] [http-nio-8080-exec-1] o.a.c.c.C.[Tomcat].[localhost].[/]       : Initializing Spring DispatcherServlet 'dispatcherServlet'
2025-04-23T17:52:53.207+02:00  INFO 27120 --- [auction] [http-nio-8080-exec-1] o.s.web.servlet.DispatcherServlet        : Initializing Servlet 'dispatcherServlet'
2025-04-23T17:52:53.210+02:00  INFO 27120 --- [auction] [http-nio-8080-exec-1] o.s.web.servlet.DispatcherServlet        : Completed initialization in 2 ms
2025-04-23T18:22:50.779+02:00  INFO 27120 --- [auction] [MessageBroker-1] o.s.w.s.c.WebSocketMessageBrokerStats    : WebSocketSession[0 current WS(0)-HttpStream(0)-HttpPoll(0), 0 total, 0 closed abnormally (0 connect failure, 0 send limit, 0 transport error)], stompSubProtocol[processed CONNECT(0)-CONNECTED(0)-DISCONNECT(0)], stompBrokerRelay[null], inboundChannel[pool size = 0, active threads = 0, queued tasks = 0, completed tasks = 0], outboundChannel[pool size = 0, active threads = 0, queued tasks = 0, completed tasks = 0], sockJsScheduler[pool size = 2, active threads = 1, queued tasks = 0, completed tasks = 1]
2025-04-23T18:35:15.615+02:00  INFO 20116 --- [auction] [main] com.mirs.auction.AuctionApplication      : Starting AuctionApplication using Java 21.0.4 with PID 20116 (C:\Users\Bitor\Desktop\auction-backend\target\classes started by Bitor in C:\Users\Bitor\Desktop\auction-backend)
2025-04-23T18:35:15.621+02:00  INFO 20116 --- [auction] [main] com.mirs.auction.AuctionApplication      : No active profile set, falling back to 1 default profile: "default"
2025-04-23T18:35:17.919+02:00  INFO 20116 --- [auction] [main] .s.d.r.c.RepositoryConfigurationDelegate : Bootstrapping Spring Data JPA repositories in DEFAULT mode.
2025-04-23T18:35:18.158+02:00  INFO 20116 --- [auction] [main] .s.d.r.c.RepositoryConfigurationDelegate : Finished Spring Data repository scanning in 215 ms. Found 5 JPA repository interfaces.
2025-04-23T18:35:19.793+02:00  INFO 20116 --- [auction] [main] o.s.b.w.embedded.tomcat.TomcatWebServer  : Tomcat initialized with port 8080 (http)
2025-04-23T18:35:19.892+02:00  INFO 20116 --- [auction] [main] o.apache.catalina.core.StandardService   : Starting service [Tomcat]
2025-04-23T18:35:19.896+02:00  INFO 20116 --- [auction] [main] o.apache.catalina.core.StandardEngine    : Starting Servlet engine: [Apache Tomcat/10.1.39]
2025-04-23T18:35:20.078+02:00  INFO 20116 --- [auction] [main] o.a.c.c.C.[Tomcat].[localhost].[/]       : Initializing Spring embedded WebApplicationContext
2025-04-23T18:35:20.079+02:00  INFO 20116 --- [auction] [main] w.s.c.ServletWebServerApplicationContext : Root WebApplicationContext: initialization completed in 4274 ms
2025-04-23T18:35:20.528+02:00  INFO 20116 --- [auction] [main] o.hibernate.jpa.internal.util.LogHelper  : HHH000204: Processing PersistenceUnitInfo [name: default]
2025-04-23T18:35:20.693+02:00  INFO 20116 --- [auction] [main] org.hibernate.Version                    : HHH000412: Hibernate ORM core version 6.6.11.Final
2025-04-23T18:35:20.799+02:00  INFO 20116 --- [auction] [main] o.h.c.internal.RegionFactoryInitiator    : HHH000026: Second-level cache disabled
2025-04-23T18:35:21.671+02:00  INFO 20116 --- [auction] [main] o.s.o.j.p.SpringPersistenceUnitInfo      : No LoadTimeWeaver setup: ignoring JPA class transformer
2025-04-23T18:35:21.886+02:00  INFO 20116 --- [auction] [main] com.zaxxer.hikari.HikariDataSource       : HikariPool-1 - Starting...
2025-04-23T18:35:23.161+02:00  INFO 20116 --- [auction] [main] com.zaxxer.hikari.pool.HikariPool        : HikariPool-1 - Added connection org.postgresql.jdbc.PgConnection@71139e77
2025-04-23T18:35:23.198+02:00  INFO 20116 --- [auction] [main] com.zaxxer.hikari.HikariDataSource       : HikariPool-1 - Start completed.
2025-04-23T18:35:23.435+02:00  WARN 20116 --- [auction] [main] org.hibernate.orm.deprecation            : HHH90000025: PostgreSQLDialect does not need to be specified explicitly using 'hibernate.dialect' (remove the property setting and it will be selected by default)
2025-04-23T18:35:23.558+02:00  INFO 20116 --- [auction] [main] org.hibernate.orm.connections.pooling    : HHH10001005: Database info:
	Database JDBC URL [Connecting through datasource 'HikariDataSource (HikariPool-1)']
	Database driver: undefined/unknown
	Database version: 17.4
	Autocommit mode: undefined/unknown
	Isolation level: undefined/unknown
	Minimum pool size: undefined/unknown
	Maximum pool size: undefined/unknown
2025-04-23T18:35:28.356+02:00  INFO 20116 --- [auction] [main] o.h.e.t.j.p.i.JtaPlatformInitiator       : HHH000489: No JTA platform available (set 'hibernate.transaction.jta.platform' to enable JTA platform integration)
2025-04-23T18:35:29.094+02:00  INFO 20116 --- [auction] [main] j.LocalContainerEntityManagerFactoryBean : Initialized JPA EntityManagerFactory for persistence unit 'default'
2025-04-23T18:35:30.174+02:00  WARN 20116 --- [auction] [main] JpaBaseConfiguration$JpaWebConfiguration : spring.jpa.open-in-view is enabled by default. Therefore, database queries may be performed during view rendering. Explicitly configure spring.jpa.open-in-view to disable this warning
2025-04-23T18:35:30.252+02:00  INFO 20116 --- [auction] [main] eAuthenticationProviderManagerConfigurer : Global AuthenticationManager configured with AuthenticationProvider bean with name authProvider
2025-04-23T18:35:30.254+02:00  WARN 20116 --- [auction] [main] r$InitializeUserDetailsManagerConfigurer : Global AuthenticationManager configured with an AuthenticationProvider bean. UserDetailsService beans will not be used by Spring Security for automatically configuring username/password login. Consider removing the AuthenticationProvider bean. Alternatively, consider using the UserDetailsService in a manually instantiated DaoAuthenticationProvider. If the current configuration is intentional, to turn off this warning, increase the logging level of 'org.springframework.security.config.annotation.authentication.configuration.InitializeUserDetailsBeanManagerConfigurer' to ERROR
2025-04-23T18:35:32.297+02:00  INFO 20116 --- [auction] [main] o.s.m.s.b.SimpleBrokerMessageHandler     : Starting...
2025-04-23T18:35:32.299+02:00  INFO 20116 --- [auction] [main] o.s.m.s.b.SimpleBrokerMessageHandler     : BrokerAvailabilityEvent[available=true, SimpleBrokerMessageHandler [org.springframework.messaging.simp.broker.DefaultSubscriptionRegistry@3e2ee637]]
2025-04-23T18:35:32.302+02:00  INFO 20116 --- [auction] [main] o.s.m.s.b.SimpleBrokerMessageHandler     : Started.
2025-04-23T18:35:32.356+02:00  INFO 20116 --- [auction] [main] o.s.b.w.embedded.tomcat.TomcatWebServer  : Tomcat started on port 8080 (http) with context path '/'
2025-04-23T18:35:32.374+02:00  INFO 20116 --- [auction] [main] com.mirs.auction.AuctionApplication      : Started AuctionApplication in 18.762 seconds (process running for 20.832)
2025-04-23T18:35:48.489+02:00  INFO 20116 --- [auction] [http-nio-8080-exec-2] o.a.c.c.C.[Tomcat].[localhost].[/]       : Initializing Spring DispatcherServlet 'dispatcherServlet'
2025-04-23T18:35:48.490+02:00  INFO 20116 --- [auction] [http-nio-8080-exec-2] o.s.web.servlet.DispatcherServlet        : Initializing Servlet 'dispatcherServlet'
2025-04-23T18:35:48.493+02:00  INFO 20116 --- [auction] [http-nio-8080-exec-2] o.s.web.servlet.DispatcherServlet        : Completed initialization in 2 ms
2025-04-23T18:36:32.298+02:00  INFO 20116 --- [auction] [MessageBroker-1] o.s.w.s.c.WebSocketMessageBrokerStats    : WebSocketSession[0 current WS(0)-HttpStream(0)-HttpPoll(0), 0 total, 0 closed abnormally (0 connect failure, 0 send limit, 0 transport error)], stompSubProtocol[processed CONNECT(0)-CONNECTED(0)-DISCONNECT(0)], stompBrokerRelay[null], inboundChannel[pool size = 0, active threads = 0, queued tasks = 0, completed tasks = 0], outboundChannel[pool size = 0, active threads = 0, queued tasks = 0, completed tasks = 0], sockJsScheduler[pool size = 1, active threads = 1, queued tasks = 0, completed tasks = 0]
2025-04-23T18:53:49.969+02:00  INFO 20116 --- [auction] [SpringApplicationShutdownHook] o.s.b.w.e.tomcat.GracefulShutdown        : Commencing graceful shutdown. Waiting for active requests to complete
2025-04-23T18:53:49.989+02:00  INFO 20116 --- [auction] [tomcat-shutdown] o.s.b.w.e.tomcat.GracefulShutdown        : Graceful shutdown complete
2025-04-23T18:53:49.994+02:00  INFO 20116 --- [auction] [SpringApplicationShutdownHook] o.s.m.s.b.SimpleBrokerMessageHandler     : Stopping...
2025-04-23T18:53:49.995+02:00  INFO 20116 --- [auction] [SpringApplicationShutdownHook] o.s.m.s.b.SimpleBrokerMessageHandler     : BrokerAvailabilityEvent[available=false, SimpleBrokerMessageHandler [org.springframework.messaging.simp.broker.DefaultSubscriptionRegistry@3e2ee637]]
2025-04-23T18:53:49.995+02:00  INFO 20116 --- [auction] [SpringApplicationShutdownHook] o.s.m.s.b.SimpleBrokerMessageHandler     : Stopped.
2025-04-23T18:53:50.001+02:00  INFO 20116 --- [auction] [SpringApplicationShutdownHook] j.LocalContainerEntityManagerFactoryBean : Closing JPA EntityManagerFactory for persistence unit 'default'
2025-04-23T18:53:50.005+02:00  INFO 20116 --- [auction] [SpringApplicationShutdownHook] com.zaxxer.hikari.HikariDataSource       : HikariPool-1 - Shutdown initiated...
2025-04-23T18:53:50.028+02:00  INFO 20116 --- [auction] [SpringApplicationShutdownHook] com.zaxxer.hikari.HikariDataSource       : HikariPool-1 - Shutdown completed.
2025-04-23T18:53:58.826+02:00  INFO 30920 --- [auction] [main] com.mirs.auction.AuctionApplication      : Starting AuctionApplication using Java 21.0.4 with PID 30920 (C:\Users\Bitor\Desktop\auction-backend\target\classes started by Bitor in C:\Users\Bitor\Desktop\auction-backend)
2025-04-23T18:53:58.832+02:00  INFO 30920 --- [auction] [main] com.mirs.auction.AuctionApplication      : No active profile set, falling back to 1 default profile: "default"
2025-04-23T18:54:00.812+02:00  INFO 30920 --- [auction] [main] .s.d.r.c.RepositoryConfigurationDelegate : Bootstrapping Spring Data JPA repositories in DEFAULT mode.
2025-04-23T18:54:01.024+02:00  INFO 30920 --- [auction] [main] .s.d.r.c.RepositoryConfigurationDelegate : Finished Spring Data repository scanning in 176 ms. Found 5 JPA repository interfaces.
2025-04-23T18:54:02.620+02:00  INFO 30920 --- [auction] [main] o.s.b.w.embedded.tomcat.TomcatWebServer  : Tomcat initialized with port 8080 (http)
2025-04-23T18:54:02.656+02:00  INFO 30920 --- [auction] [main] o.apache.catalina.core.StandardService   : Starting service [Tomcat]
2025-04-23T18:54:02.658+02:00  INFO 30920 --- [auction] [main] o.apache.catalina.core.StandardEngine    : Starting Servlet engine: [Apache Tomcat/10.1.39]
2025-04-23T18:54:02.811+02:00  INFO 30920 --- [auction] [main] o.a.c.c.C.[Tomcat].[localhost].[/]       : Initializing Spring embedded WebApplicationContext
2025-04-23T18:54:02.812+02:00  INFO 30920 --- [auction] [main] w.s.c.ServletWebServerApplicationContext : Root WebApplicationContext: initialization completed in 3805 ms
2025-04-23T18:54:03.265+02:00  INFO 30920 --- [auction] [main] o.hibernate.jpa.internal.util.LogHelper  : HHH000204: Processing PersistenceUnitInfo [name: default]
2025-04-23T18:54:03.421+02:00  INFO 30920 --- [auction] [main] org.hibernate.Version                    : HHH000412: Hibernate ORM core version 6.6.11.Final
2025-04-23T18:54:03.531+02:00  INFO 30920 --- [auction] [main] o.h.c.internal.RegionFactoryInitiator    : HHH000026: Second-level cache disabled
2025-04-23T18:54:04.398+02:00  INFO 30920 --- [auction] [main] o.s.o.j.p.SpringPersistenceUnitInfo      : No LoadTimeWeaver setup: ignoring JPA class transformer
2025-04-23T18:54:04.488+02:00  INFO 30920 --- [auction] [main] com.zaxxer.hikari.HikariDataSource       : HikariPool-1 - Starting...
2025-04-23T18:54:04.953+02:00  INFO 30920 --- [auction] [main] com.zaxxer.hikari.pool.HikariPool        : HikariPool-1 - Added connection org.postgresql.jdbc.PgConnection@4de91056
2025-04-23T18:54:04.959+02:00  INFO 30920 --- [auction] [main] com.zaxxer.hikari.HikariDataSource       : HikariPool-1 - Start completed.
2025-04-23T18:54:05.038+02:00  WARN 30920 --- [auction] [main] org.hibernate.orm.deprecation            : HHH90000025: PostgreSQLDialect does not need to be specified explicitly using 'hibernate.dialect' (remove the property setting and it will be selected by default)
2025-04-23T18:54:05.102+02:00  INFO 30920 --- [auction] [main] org.hibernate.orm.connections.pooling    : HHH10001005: Database info:
	Database JDBC URL [Connecting through datasource 'HikariDataSource (HikariPool-1)']
	Database driver: undefined/unknown
	Database version: 17.4
	Autocommit mode: undefined/unknown
	Isolation level: undefined/unknown
	Minimum pool size: undefined/unknown
	Maximum pool size: undefined/unknown
2025-04-23T18:54:08.082+02:00  INFO 30920 --- [auction] [main] o.h.e.t.j.p.i.JtaPlatformInitiator       : HHH000489: No JTA platform available (set 'hibernate.transaction.jta.platform' to enable JTA platform integration)
2025-04-23T18:54:08.730+02:00  INFO 30920 --- [auction] [main] j.LocalContainerEntityManagerFactoryBean : Initialized JPA EntityManagerFactory for persistence unit 'default'
2025-04-23T18:54:09.747+02:00  WARN 30920 --- [auction] [main] JpaBaseConfiguration$JpaWebConfiguration : spring.jpa.open-in-view is enabled by default. Therefore, database queries may be performed during view rendering. Explicitly configure spring.jpa.open-in-view to disable this warning
2025-04-23T18:54:09.821+02:00  INFO 30920 --- [auction] [main] eAuthenticationProviderManagerConfigurer : Global AuthenticationManager configured with AuthenticationProvider bean with name authProvider
2025-04-23T18:54:09.824+02:00  WARN 30920 --- [auction] [main] r$InitializeUserDetailsManagerConfigurer : Global AuthenticationManager configured with an AuthenticationProvider bean. UserDetailsService beans will not be used by Spring Security for automatically configuring username/password login. Consider removing the AuthenticationProvider bean. Alternatively, consider using the UserDetailsService in a manually instantiated DaoAuthenticationProvider. If the current configuration is intentional, to turn off this warning, increase the logging level of 'org.springframework.security.config.annotation.authentication.configuration.InitializeUserDetailsBeanManagerConfigurer' to ERROR
2025-04-23T18:54:11.446+02:00  INFO 30920 --- [auction] [main] o.s.m.s.b.SimpleBrokerMessageHandler     : Starting...
2025-04-23T18:54:11.448+02:00  INFO 30920 --- [auction] [main] o.s.m.s.b.SimpleBrokerMessageHandler     : BrokerAvailabilityEvent[available=true, SimpleBrokerMessageHandler [org.springframework.messaging.simp.broker.DefaultSubscriptionRegistry@6a9b8f33]]
2025-04-23T18:54:11.450+02:00  INFO 30920 --- [auction] [main] o.s.m.s.b.SimpleBrokerMessageHandler     : Started.
2025-04-23T18:54:11.497+02:00  INFO 30920 --- [auction] [main] o.s.b.w.embedded.tomcat.TomcatWebServer  : Tomcat started on port 8080 (http) with context path '/'
2025-04-23T18:54:11.515+02:00  INFO 30920 --- [auction] [main] com.mirs.auction.AuctionApplication      : Started AuctionApplication in 13.938 seconds (process running for 15.711)
2025-04-23T18:55:11.433+02:00  INFO 30920 --- [auction] [MessageBroker-1] o.s.w.s.c.WebSocketMessageBrokerStats    : WebSocketSession[0 current WS(0)-HttpStream(0)-HttpPoll(0), 0 total, 0 closed abnormally (0 connect failure, 0 send limit, 0 transport error)], stompSubProtocol[processed CONNECT(0)-CONNECTED(0)-DISCONNECT(0)], stompBrokerRelay[null], inboundChannel[pool size = 0, active threads = 0, queued tasks = 0, completed tasks = 0], outboundChannel[pool size = 0, active threads = 0, queued tasks = 0, completed tasks = 0], sockJsScheduler[pool size = 1, active threads = 1, queued tasks = 0, completed tasks = 0]
2025-04-23T18:55:30.351+02:00  INFO 30920 --- [auction] [http-nio-8080-exec-2] o.a.c.c.C.[Tomcat].[localhost].[/]       : Initializing Spring DispatcherServlet 'dispatcherServlet'
2025-04-23T18:55:30.352+02:00  INFO 30920 --- [auction] [http-nio-8080-exec-2] o.s.web.servlet.DispatcherServlet        : Initializing Servlet 'dispatcherServlet'
2025-04-23T18:55:30.357+02:00  INFO 30920 --- [auction] [http-nio-8080-exec-2] o.s.web.servlet.DispatcherServlet        : Completed initialization in 5 ms
2025-04-23T18:55:31.032+02:00 DEBUG 30920 --- [auction] [http-nio-8080-exec-2] org.hibernate.SQL                        : 
    insert 
    into
        users
        (user_created_at, user_email, user_email_verified, user_name, user_password, user_phone, user_status, verification_token) 
    values
        (?, ?, ?, ?, ?, ?, ?, ?)
2025-04-23T18:55:31.062+02:00  WARN 30920 --- [auction] [http-nio-8080-exec-2] o.h.engine.jdbc.spi.SqlExceptionHelper   : SQL Error: 0, SQLState: 23505
2025-04-23T18:55:31.063+02:00 ERROR 30920 --- [auction] [http-nio-8080-exec-2] o.h.engine.jdbc.spi.SqlExceptionHelper   : ERREUR: la valeur d'une clé dupliquée rompt la contrainte unique « users_user_email_key »
  Détail : La clé « (user_email)=(test4@example.com) » existe déjà.
2025-04-23T18:56:39.566+02:00 DEBUG 30920 --- [auction] [http-nio-8080-exec-3] org.hibernate.SQL                        : 
    insert 
    into
        users
        (user_created_at, user_email, user_email_verified, user_name, user_password, user_phone, user_status, verification_token) 
    values
        (?, ?, ?, ?, ?, ?, ?, ?)
2025-04-23T19:07:43.435+02:00 DEBUG 30920 --- [auction] [http-nio-8080-exec-6] org.hibernate.SQL                        : 
    select
        u1_0.user_id,
        u1_0.user_created_at,
        u1_0.user_email,
        u1_0.user_email_verified,
        u1_0.user_name,
        u1_0.user_password,
        u1_0.user_phone,
        u1_0.user_status,
        u1_0.verification_token 
    from
        users u1_0 
    where
        u1_0.user_name=?
2025-04-23T19:10:59.970+02:00 DEBUG 30920 --- [auction] [http-nio-8080-exec-10] org.hibernate.SQL                        : 
    select
        u1_0.user_id,
        u1_0.user_created_at,
        u1_0.user_email,
        u1_0.user_email_verified,
        u1_0.user_name,
        u1_0.user_password,
        u1_0.user_phone,
        u1_0.user_status,
        u1_0.verification_token 
    from
        users u1_0 
    where
        u1_0.user_name=?
2025-04-23T19:11:28.267+02:00 DEBUG 30920 --- [auction] [http-nio-8080-exec-1] org.hibernate.SQL                        : 
    insert 
    into
        users
        (user_created_at, user_email, user_email_verified, user_name, user_password, user_phone, user_status, verification_token) 
    values
        (?, ?, ?, ?, ?, ?, ?, ?)
2025-04-23T19:12:48.290+02:00 DEBUG 30920 --- [auction] [http-nio-8080-exec-3] org.hibernate.SQL                        : 
    select
        u1_0.user_id,
        u1_0.user_created_at,
        u1_0.user_email,
        u1_0.user_email_verified,
        u1_0.user_name,
        u1_0.user_password,
        u1_0.user_phone,
        u1_0.user_status,
        u1_0.verification_token 
    from
        users u1_0 
    where
        u1_0.user_name=?
2025-04-23T19:24:15.249+02:00  INFO 18368 --- [auction] [main] com.mirs.auction.AuctionApplication      : Starting AuctionApplication using Java 21.0.4 with PID 18368 (C:\Users\Bitor\Desktop\auction-backend\target\classes started by Bitor in C:\Users\Bitor\Desktop\auction-backend)
2025-04-23T19:24:15.261+02:00  INFO 18368 --- [auction] [main] com.mirs.auction.AuctionApplication      : No active profile set, falling back to 1 default profile: "default"
2025-04-23T19:24:17.857+02:00  INFO 18368 --- [auction] [main] .s.d.r.c.RepositoryConfigurationDelegate : Bootstrapping Spring Data JPA repositories in DEFAULT mode.
2025-04-23T19:24:18.170+02:00  INFO 18368 --- [auction] [main] .s.d.r.c.RepositoryConfigurationDelegate : Finished Spring Data repository scanning in 261 ms. Found 5 JPA repository interfaces.
2025-04-23T19:24:19.808+02:00  INFO 18368 --- [auction] [main] o.s.b.w.embedded.tomcat.TomcatWebServer  : Tomcat initialized with port 8080 (http)
2025-04-23T19:24:19.846+02:00  INFO 18368 --- [auction] [main] o.apache.catalina.core.StandardService   : Starting service [Tomcat]
2025-04-23T19:24:19.847+02:00  INFO 18368 --- [auction] [main] o.apache.catalina.core.StandardEngine    : Starting Servlet engine: [Apache Tomcat/10.1.39]
2025-04-23T19:24:20.008+02:00  INFO 18368 --- [auction] [main] o.a.c.c.C.[Tomcat].[localhost].[/]       : Initializing Spring embedded WebApplicationContext
2025-04-23T19:24:20.009+02:00  INFO 18368 --- [auction] [main] w.s.c.ServletWebServerApplicationContext : Root WebApplicationContext: initialization completed in 4577 ms
2025-04-23T19:24:20.458+02:00  INFO 18368 --- [auction] [main] o.hibernate.jpa.internal.util.LogHelper  : HHH000204: Processing PersistenceUnitInfo [name: default]
2025-04-23T19:24:20.619+02:00  INFO 18368 --- [auction] [main] org.hibernate.Version                    : HHH000412: Hibernate ORM core version 6.6.11.Final
2025-04-23T19:24:20.738+02:00  INFO 18368 --- [auction] [main] o.h.c.internal.RegionFactoryInitiator    : HHH000026: Second-level cache disabled
2025-04-23T19:24:21.639+02:00  INFO 18368 --- [auction] [main] o.s.o.j.p.SpringPersistenceUnitInfo      : No LoadTimeWeaver setup: ignoring JPA class transformer
2025-04-23T19:24:21.735+02:00  INFO 18368 --- [auction] [main] com.zaxxer.hikari.HikariDataSource       : HikariPool-1 - Starting...
2025-04-23T19:24:22.249+02:00  INFO 18368 --- [auction] [main] com.zaxxer.hikari.pool.HikariPool        : HikariPool-1 - Added connection org.postgresql.jdbc.PgConnection@69d2e517
2025-04-23T19:24:22.254+02:00  INFO 18368 --- [auction] [main] com.zaxxer.hikari.HikariDataSource       : HikariPool-1 - Start completed.
2025-04-23T19:24:22.328+02:00  WARN 18368 --- [auction] [main] org.hibernate.orm.deprecation            : HHH90000025: PostgreSQLDialect does not need to be specified explicitly using 'hibernate.dialect' (remove the property setting and it will be selected by default)
2025-04-23T19:24:22.377+02:00  INFO 18368 --- [auction] [main] org.hibernate.orm.connections.pooling    : HHH10001005: Database info:
	Database JDBC URL [Connecting through datasource 'HikariDataSource (HikariPool-1)']
	Database driver: undefined/unknown
	Database version: 17.4
	Autocommit mode: undefined/unknown
	Isolation level: undefined/unknown
	Minimum pool size: undefined/unknown
	Maximum pool size: undefined/unknown
2025-04-23T19:24:25.877+02:00  INFO 18368 --- [auction] [main] o.h.e.t.j.p.i.JtaPlatformInitiator       : HHH000489: No JTA platform available (set 'hibernate.transaction.jta.platform' to enable JTA platform integration)
2025-04-23T19:24:26.523+02:00  INFO 18368 --- [auction] [main] j.LocalContainerEntityManagerFactoryBean : Initialized JPA EntityManagerFactory for persistence unit 'default'
2025-04-23T19:24:27.808+02:00  WARN 18368 --- [auction] [main] JpaBaseConfiguration$JpaWebConfiguration : spring.jpa.open-in-view is enabled by default. Therefore, database queries may be performed during view rendering. Explicitly configure spring.jpa.open-in-view to disable this warning
2025-04-23T19:24:27.887+02:00  INFO 18368 --- [auction] [main] eAuthenticationProviderManagerConfigurer : Global AuthenticationManager configured with AuthenticationProvider bean with name authProvider
2025-04-23T19:24:27.889+02:00  WARN 18368 --- [auction] [main] r$InitializeUserDetailsManagerConfigurer : Global AuthenticationManager configured with an AuthenticationProvider bean. UserDetailsService beans will not be used by Spring Security for automatically configuring username/password login. Consider removing the AuthenticationProvider bean. Alternatively, consider using the UserDetailsService in a manually instantiated DaoAuthenticationProvider. If the current configuration is intentional, to turn off this warning, increase the logging level of 'org.springframework.security.config.annotation.authentication.configuration.InitializeUserDetailsBeanManagerConfigurer' to ERROR
2025-04-23T19:24:29.820+02:00  INFO 18368 --- [auction] [main] o.s.m.s.b.SimpleBrokerMessageHandler     : Starting...
2025-04-23T19:24:29.822+02:00  INFO 18368 --- [auction] [main] o.s.m.s.b.SimpleBrokerMessageHandler     : BrokerAvailabilityEvent[available=true, SimpleBrokerMessageHandler [org.springframework.messaging.simp.broker.DefaultSubscriptionRegistry@1eeb9e5c]]
2025-04-23T19:24:29.825+02:00  INFO 18368 --- [auction] [main] o.s.m.s.b.SimpleBrokerMessageHandler     : Started.
2025-04-23T19:24:29.872+02:00  INFO 18368 --- [auction] [main] o.s.b.w.embedded.tomcat.TomcatWebServer  : Tomcat started on port 8080 (http) with context path '/'
2025-04-23T19:24:29.891+02:00  INFO 18368 --- [auction] [main] com.mirs.auction.AuctionApplication      : Started AuctionApplication in 15.908 seconds (process running for 17.767)
2025-04-23T19:25:25.997+02:00  INFO 18368 --- [auction] [http-nio-8080-exec-1] o.a.c.c.C.[Tomcat].[localhost].[/]       : Initializing Spring DispatcherServlet 'dispatcherServlet'
2025-04-23T19:25:25.999+02:00  INFO 18368 --- [auction] [http-nio-8080-exec-1] o.s.web.servlet.DispatcherServlet        : Initializing Servlet 'dispatcherServlet'
2025-04-23T19:25:26.114+02:00  INFO 18368 --- [auction] [http-nio-8080-exec-1] o.s.web.servlet.DispatcherServlet        : Completed initialization in 5 ms
2025-04-23T19:25:26.652+02:00  WARN 18368 --- [auction] [http-nio-8080-exec-1] .w.s.m.s.DefaultHandlerExceptionResolver : Resolved [org.springframework.http.converter.HttpMessageNotReadableException: JSON parse error: Unrecognized token 'POST': was expecting (JSON String, Number, Array, Object or token 'null', 'true' or 'false')]
2025-04-23T19:25:29.819+02:00  INFO 18368 --- [auction] [MessageBroker-1] o.s.w.s.c.WebSocketMessageBrokerStats    : WebSocketSession[0 current WS(0)-HttpStream(0)-HttpPoll(0), 0 total, 0 closed abnormally (0 connect failure, 0 send limit, 0 transport error)], stompSubProtocol[processed CONNECT(0)-CONNECTED(0)-DISCONNECT(0)], stompBrokerRelay[null], inboundChannel[pool size = 0, active threads = 0, queued tasks = 0, completed tasks = 0], outboundChannel[pool size = 0, active threads = 0, queued tasks = 0, completed tasks = 0], sockJsScheduler[pool size = 1, active threads = 1, queued tasks = 0, completed tasks = 0]
2025-04-23T19:25:57.914+02:00  WARN 18368 --- [auction] [http-nio-8080-exec-3] .w.s.m.s.DefaultHandlerExceptionResolver : Resolved [org.springframework.http.converter.HttpMessageNotReadableException: JSON parse error: Unrecognized token 'POST': was expecting (JSON String, Number, Array, Object or token 'null', 'true' or 'false')]
2025-04-23T19:28:13.039+02:00 DEBUG 18368 --- [auction] [http-nio-8080-exec-6] org.hibernate.SQL                        : 
    select
        u1_0.user_id,
        u1_0.user_created_at,
        u1_0.user_email,
        u1_0.user_email_verified,
        u1_0.user_name,
        u1_0.user_password,
        u1_0.user_phone,
        u1_0.user_status,
        u1_0.verification_token 
    from
        users u1_0 
    where
        u1_0.user_name=?
2025-04-23T19:31:10.036+02:00 DEBUG 18368 --- [auction] [http-nio-8080-exec-10] org.hibernate.SQL                        : 
    select
        u1_0.user_id,
        u1_0.user_created_at,
        u1_0.user_email,
        u1_0.user_email_verified,
        u1_0.user_name,
        u1_0.user_password,
        u1_0.user_phone,
        u1_0.user_status,
        u1_0.verification_token 
    from
        users u1_0 
    where
        u1_0.user_name=?
2025-04-23T19:55:29.831+02:00  INFO 18368 --- [auction] [MessageBroker-1] o.s.w.s.c.WebSocketMessageBrokerStats    : WebSocketSession[0 current WS(0)-HttpStream(0)-HttpPoll(0), 0 total, 0 closed abnormally (0 connect failure, 0 send limit, 0 transport error)], stompSubProtocol[processed CONNECT(0)-CONNECTED(0)-DISCONNECT(0)], stompBrokerRelay[null], inboundChannel[pool size = 0, active threads = 0, queued tasks = 0, completed tasks = 0], outboundChannel[pool size = 0, active threads = 0, queued tasks = 0, completed tasks = 0], sockJsScheduler[pool size = 2, active threads = 1, queued tasks = 0, completed tasks = 1]
2025-04-23T21:01:50.762+02:00  INFO 24388 --- [auction] [main] com.mirs.auction.AuctionApplication      : Starting AuctionApplication using Java 21.0.4 with PID 24388 (C:\Users\Bitor\Desktop\auction-backend\target\classes started by Bitor in C:\Users\Bitor\Desktop\auction-backend)
2025-04-23T21:01:50.770+02:00  INFO 24388 --- [auction] [main] com.mirs.auction.AuctionApplication      : No active profile set, falling back to 1 default profile: "default"
2025-04-23T21:01:52.758+02:00  INFO 24388 --- [auction] [main] .s.d.r.c.RepositoryConfigurationDelegate : Bootstrapping Spring Data JPA repositories in DEFAULT mode.
2025-04-23T21:01:52.944+02:00  INFO 24388 --- [auction] [main] .s.d.r.c.RepositoryConfigurationDelegate : Finished Spring Data repository scanning in 161 ms. Found 5 JPA repository interfaces.
2025-04-23T21:01:54.464+02:00  INFO 24388 --- [auction] [main] o.s.b.w.embedded.tomcat.TomcatWebServer  : Tomcat initialized with port 8080 (http)
2025-04-23T21:01:54.502+02:00  INFO 24388 --- [auction] [main] o.apache.catalina.core.StandardService   : Starting service [Tomcat]
2025-04-23T21:01:54.503+02:00  INFO 24388 --- [auction] [main] o.apache.catalina.core.StandardEngine    : Starting Servlet engine: [Apache Tomcat/10.1.39]
2025-04-23T21:01:54.654+02:00  INFO 24388 --- [auction] [main] o.a.c.c.C.[Tomcat].[localhost].[/]       : Initializing Spring embedded WebApplicationContext
2025-04-23T21:01:54.655+02:00  INFO 24388 --- [auction] [main] w.s.c.ServletWebServerApplicationContext : Root WebApplicationContext: initialization completed in 3742 ms
2025-04-23T21:01:55.171+02:00  INFO 24388 --- [auction] [main] o.hibernate.jpa.internal.util.LogHelper  : HHH000204: Processing PersistenceUnitInfo [name: default]
2025-04-23T21:01:55.317+02:00  INFO 24388 --- [auction] [main] org.hibernate.Version                    : HHH000412: Hibernate ORM core version 6.6.11.Final
2025-04-23T21:01:55.425+02:00  INFO 24388 --- [auction] [main] o.h.c.internal.RegionFactoryInitiator    : HHH000026: Second-level cache disabled
2025-04-23T21:01:56.215+02:00  INFO 24388 --- [auction] [main] o.s.o.j.p.SpringPersistenceUnitInfo      : No LoadTimeWeaver setup: ignoring JPA class transformer
2025-04-23T21:01:56.290+02:00  INFO 24388 --- [auction] [main] com.zaxxer.hikari.HikariDataSource       : HikariPool-1 - Starting...
2025-04-23T21:01:56.698+02:00  INFO 24388 --- [auction] [main] com.zaxxer.hikari.pool.HikariPool        : HikariPool-1 - Added connection org.postgresql.jdbc.PgConnection@779228dc
2025-04-23T21:01:56.701+02:00  INFO 24388 --- [auction] [main] com.zaxxer.hikari.HikariDataSource       : HikariPool-1 - Start completed.
2025-04-23T21:01:56.769+02:00  WARN 24388 --- [auction] [main] org.hibernate.orm.deprecation            : HHH90000025: PostgreSQLDialect does not need to be specified explicitly using 'hibernate.dialect' (remove the property setting and it will be selected by default)
2025-04-23T21:01:56.818+02:00  INFO 24388 --- [auction] [main] org.hibernate.orm.connections.pooling    : HHH10001005: Database info:
	Database JDBC URL [Connecting through datasource 'HikariDataSource (HikariPool-1)']
	Database driver: undefined/unknown
	Database version: 17.4
	Autocommit mode: undefined/unknown
	Isolation level: undefined/unknown
	Minimum pool size: undefined/unknown
	Maximum pool size: undefined/unknown
2025-04-23T21:01:59.628+02:00  INFO 24388 --- [auction] [main] o.h.e.t.j.p.i.JtaPlatformInitiator       : HHH000489: No JTA platform available (set 'hibernate.transaction.jta.platform' to enable JTA platform integration)
2025-04-23T21:02:00.278+02:00  INFO 24388 --- [auction] [main] j.LocalContainerEntityManagerFactoryBean : Initialized JPA EntityManagerFactory for persistence unit 'default'
2025-04-23T21:02:01.021+02:00  WARN 24388 --- [auction] [main] ConfigServletWebServerApplicationContext : Exception encountered during context initialization - cancelling refresh attempt: org.springframework.beans.factory.UnsatisfiedDependencyException: Error creating bean with name 'authController': Unsatisfied dependency expressed through field 'userService': Error creating bean with name 'userService' defined in file [C:\Users\Bitor\Desktop\auction-backend\target\classes\com\mirs\auction\service\UserService.class]: Unsatisfied dependency expressed through constructor parameter 2: Error creating bean with name 'jwtUtil': Unsatisfied dependency expressed through field 'jwtExpirationMs': Failed to convert value of type 'java.lang.String' to required type 'long'; For input string: "86400000#24henmillisecondes"
2025-04-23T21:02:01.022+02:00  INFO 24388 --- [auction] [main] j.LocalContainerEntityManagerFactoryBean : Closing JPA EntityManagerFactory for persistence unit 'default'
2025-04-23T21:02:01.028+02:00  INFO 24388 --- [auction] [main] com.zaxxer.hikari.HikariDataSource       : HikariPool-1 - Shutdown initiated...
2025-04-23T21:02:01.053+02:00  INFO 24388 --- [auction] [main] com.zaxxer.hikari.HikariDataSource       : HikariPool-1 - Shutdown completed.
2025-04-23T21:02:01.058+02:00  INFO 24388 --- [auction] [main] o.apache.catalina.core.StandardService   : Stopping service [Tomcat]
2025-04-23T21:02:01.115+02:00  INFO 24388 --- [auction] [main] .s.b.a.l.ConditionEvaluationReportLogger : 

Error starting ApplicationContext. To display the condition evaluation report re-run your application with 'debug' enabled.
2025-04-23T21:02:01.168+02:00 ERROR 24388 --- [auction] [main] o.s.boot.SpringApplication               : Application run failed

org.springframework.beans.factory.UnsatisfiedDependencyException: Error creating bean with name 'authController': Unsatisfied dependency expressed through field 'userService': Error creating bean with name 'userService' defined in file [C:\Users\Bitor\Desktop\auction-backend\target\classes\com\mirs\auction\service\UserService.class]: Unsatisfied dependency expressed through constructor parameter 2: Error creating bean with name 'jwtUtil': Unsatisfied dependency expressed through field 'jwtExpirationMs': Failed to convert value of type 'java.lang.String' to required type 'long'; For input string: "86400000#24henmillisecondes"
	at org.springframework.beans.factory.annotation.AutowiredAnnotationBeanPostProcessor$AutowiredFieldElement.resolveFieldValue(AutowiredAnnotationBeanPostProcessor.java:788) ~[spring-beans-6.2.5.jar:6.2.5]
	at org.springframework.beans.factory.annotation.AutowiredAnnotationBeanPostProcessor$AutowiredFieldElement.inject(AutowiredAnnotationBeanPostProcessor.java:768) ~[spring-beans-6.2.5.jar:6.2.5]
	at org.springframework.beans.factory.annotation.InjectionMetadata.inject(InjectionMetadata.java:146) ~[spring-beans-6.2.5.jar:6.2.5]
	at org.springframework.beans.factory.annotation.AutowiredAnnotationBeanPostProcessor.postProcessProperties(AutowiredAnnotationBeanPostProcessor.java:509) ~[spring-beans-6.2.5.jar:6.2.5]
	at org.springframework.beans.factory.support.AbstractAutowireCapableBeanFactory.populateBean(AbstractAutowireCapableBeanFactory.java:1445) ~[spring-beans-6.2.5.jar:6.2.5]
	at org.springframework.beans.factory.support.AbstractAutowireCapableBeanFactory.doCreateBean(AbstractAutowireCapableBeanFactory.java:600) ~[spring-beans-6.2.5.jar:6.2.5]
	at org.springframework.beans.factory.support.AbstractAutowireCapableBeanFactory.createBean(AbstractAutowireCapableBeanFactory.java:523) ~[spring-beans-6.2.5.jar:6.2.5]
	at org.springframework.beans.factory.support.AbstractBeanFactory.lambda$doGetBean$0(AbstractBeanFactory.java:339) ~[spring-beans-6.2.5.jar:6.2.5]
	at org.springframework.beans.factory.support.DefaultSingletonBeanRegistry.getSingleton(DefaultSingletonBeanRegistry.java:347) ~[spring-beans-6.2.5.jar:6.2.5]
	at org.springframework.beans.factory.support.AbstractBeanFactory.doGetBean(AbstractBeanFactory.java:337) ~[spring-beans-6.2.5.jar:6.2.5]
	at org.springframework.beans.factory.support.AbstractBeanFactory.getBean(AbstractBeanFactory.java:202) ~[spring-beans-6.2.5.jar:6.2.5]
	at org.springframework.beans.factory.support.DefaultListableBeanFactory.instantiateSingleton(DefaultListableBeanFactory.java:1155) ~[spring-beans-6.2.5.jar:6.2.5]
	at org.springframework.beans.factory.support.DefaultListableBeanFactory.preInstantiateSingleton(DefaultListableBeanFactory.java:1121) ~[spring-beans-6.2.5.jar:6.2.5]
	at org.springframework.beans.factory.support.DefaultListableBeanFactory.preInstantiateSingletons(DefaultListableBeanFactory.java:1056) ~[spring-beans-6.2.5.jar:6.2.5]
	at org.springframework.context.support.AbstractApplicationContext.finishBeanFactoryInitialization(AbstractApplicationContext.java:987) ~[spring-context-6.2.5.jar:6.2.5]
	at org.springframework.context.support.AbstractApplicationContext.refresh(AbstractApplicationContext.java:627) ~[spring-context-6.2.5.jar:6.2.5]
	at org.springframework.boot.web.servlet.context.ServletWebServerApplicationContext.refresh(ServletWebServerApplicationContext.java:146) ~[spring-boot-3.4.4.jar:3.4.4]
	at org.springframework.boot.SpringApplication.refresh(SpringApplication.java:752) ~[spring-boot-3.4.4.jar:3.4.4]
	at org.springframework.boot.SpringApplication.refreshContext(SpringApplication.java:439) ~[spring-boot-3.4.4.jar:3.4.4]
	at org.springframework.boot.SpringApplication.run(SpringApplication.java:318) ~[spring-boot-3.4.4.jar:3.4.4]
	at org.springframework.boot.SpringApplication.run(SpringApplication.java:1361) ~[spring-boot-3.4.4.jar:3.4.4]
	at org.springframework.boot.SpringApplication.run(SpringApplication.java:1350) ~[spring-boot-3.4.4.jar:3.4.4]
	at com.mirs.auction.AuctionApplication.main(AuctionApplication.java:10) ~[classes/:na]
Caused by: org.springframework.beans.factory.UnsatisfiedDependencyException: Error creating bean with name 'userService' defined in file [C:\Users\Bitor\Desktop\auction-backend\target\classes\com\mirs\auction\service\UserService.class]: Unsatisfied dependency expressed through constructor parameter 2: Error creating bean with name 'jwtUtil': Unsatisfied dependency expressed through field 'jwtExpirationMs': Failed to convert value of type 'java.lang.String' to required type 'long'; For input string: "86400000#24henmillisecondes"
	at org.springframework.beans.factory.support.ConstructorResolver.createArgumentArray(ConstructorResolver.java:804) ~[spring-beans-6.2.5.jar:6.2.5]
	at org.springframework.beans.factory.support.ConstructorResolver.autowireConstructor(ConstructorResolver.java:240) ~[spring-beans-6.2.5.jar:6.2.5]
	at org.springframework.beans.factory.support.AbstractAutowireCapableBeanFactory.autowireConstructor(AbstractAutowireCapableBeanFactory.java:1381) ~[spring-beans-6.2.5.jar:6.2.5]
	at org.springframework.beans.factory.support.AbstractAutowireCapableBeanFactory.createBeanInstance(AbstractAutowireCapableBeanFactory.java:1218) ~[spring-beans-6.2.5.jar:6.2.5]
	at org.springframework.beans.factory.support.AbstractAutowireCapableBeanFactory.doCreateBean(AbstractAutowireCapableBeanFactory.java:563) ~[spring-beans-6.2.5.jar:6.2.5]
	at org.springframework.beans.factory.support.AbstractAutowireCapableBeanFactory.createBean(AbstractAutowireCapableBeanFactory.java:523) ~[spring-beans-6.2.5.jar:6.2.5]
	at org.springframework.beans.factory.support.AbstractBeanFactory.lambda$doGetBean$0(AbstractBeanFactory.java:339) ~[spring-beans-6.2.5.jar:6.2.5]
	at org.springframework.beans.factory.support.DefaultSingletonBeanRegistry.getSingleton(DefaultSingletonBeanRegistry.java:347) ~[spring-beans-6.2.5.jar:6.2.5]
	at org.springframework.beans.factory.support.AbstractBeanFactory.doGetBean(AbstractBeanFactory.java:337) ~[spring-beans-6.2.5.jar:6.2.5]
	at org.springframework.beans.factory.support.AbstractBeanFactory.getBean(AbstractBeanFactory.java:202) ~[spring-beans-6.2.5.jar:6.2.5]
	at org.springframework.beans.factory.support.DefaultListableBeanFactory.doResolveDependency(DefaultListableBeanFactory.java:1609) ~[spring-beans-6.2.5.jar:6.2.5]
	at org.springframework.beans.factory.support.DefaultListableBeanFactory.resolveDependency(DefaultListableBeanFactory.java:1555) ~[spring-beans-6.2.5.jar:6.2.5]
	at org.springframework.beans.factory.annotation.AutowiredAnnotationBeanPostProcessor$AutowiredFieldElement.resolveFieldValue(AutowiredAnnotationBeanPostProcessor.java:785) ~[spring-beans-6.2.5.jar:6.2.5]
	... 22 common frames omitted
Caused by: org.springframework.beans.factory.UnsatisfiedDependencyException: Error creating bean with name 'jwtUtil': Unsatisfied dependency expressed through field 'jwtExpirationMs': Failed to convert value of type 'java.lang.String' to required type 'long'; For input string: "86400000#24henmillisecondes"
	at org.springframework.beans.factory.annotation.AutowiredAnnotationBeanPostProcessor$AutowiredFieldElement.resolveFieldValue(AutowiredAnnotationBeanPostProcessor.java:788) ~[spring-beans-6.2.5.jar:6.2.5]
	at org.springframework.beans.factory.annotation.AutowiredAnnotationBeanPostProcessor$AutowiredFieldElement.inject(AutowiredAnnotationBeanPostProcessor.java:768) ~[spring-beans-6.2.5.jar:6.2.5]
	at org.springframework.beans.factory.annotation.InjectionMetadata.inject(InjectionMetadata.java:146) ~[spring-beans-6.2.5.jar:6.2.5]
	at org.springframework.beans.factory.annotation.AutowiredAnnotationBeanPostProcessor.postProcessProperties(AutowiredAnnotationBeanPostProcessor.java:509) ~[spring-beans-6.2.5.jar:6.2.5]
	at org.springframework.beans.factory.support.AbstractAutowireCapableBeanFactory.populateBean(AbstractAutowireCapableBeanFactory.java:1445) ~[spring-beans-6.2.5.jar:6.2.5]
	at org.springframework.beans.factory.support.AbstractAutowireCapableBeanFactory.doCreateBean(AbstractAutowireCapableBeanFactory.java:600) ~[spring-beans-6.2.5.jar:6.2.5]
	at org.springframework.beans.factory.support.AbstractAutowireCapableBeanFactory.createBean(AbstractAutowireCapableBeanFactory.java:523) ~[spring-beans-6.2.5.jar:6.2.5]
	at org.springframework.beans.factory.support.AbstractBeanFactory.lambda$doGetBean$0(AbstractBeanFactory.java:339) ~[spring-beans-6.2.5.jar:6.2.5]
	at org.springframework.beans.factory.support.DefaultSingletonBeanRegistry.getSingleton(DefaultSingletonBeanRegistry.java:347) ~[spring-beans-6.2.5.jar:6.2.5]
	at org.springframework.beans.factory.support.AbstractBeanFactory.doGetBean(AbstractBeanFactory.java:337) ~[spring-beans-6.2.5.jar:6.2.5]
	at org.springframework.beans.factory.support.AbstractBeanFactory.getBean(AbstractBeanFactory.java:202) ~[spring-beans-6.2.5.jar:6.2.5]
	at org.springframework.beans.factory.support.DefaultListableBeanFactory.doResolveDependency(DefaultListableBeanFactory.java:1609) ~[spring-beans-6.2.5.jar:6.2.5]
	at org.springframework.beans.factory.support.DefaultListableBeanFactory.resolveDependency(DefaultListableBeanFactory.java:1555) ~[spring-beans-6.2.5.jar:6.2.5]
	at org.springframework.beans.factory.support.ConstructorResolver.resolveAutowiredArgument(ConstructorResolver.java:913) ~[spring-beans-6.2.5.jar:6.2.5]
	at org.springframework.beans.factory.support.ConstructorResolver.createArgumentArray(ConstructorResolver.java:791) ~[spring-beans-6.2.5.jar:6.2.5]
	... 34 common frames omitted
Caused by: org.springframework.beans.TypeMismatchException: Failed to convert value of type 'java.lang.String' to required type 'long'; For input string: "86400000#24henmillisecondes"
	at org.springframework.beans.TypeConverterSupport.convertIfNecessary(TypeConverterSupport.java:87) ~[spring-beans-6.2.5.jar:6.2.5]
	at org.springframework.beans.TypeConverterSupport.convertIfNecessary(TypeConverterSupport.java:71) ~[spring-beans-6.2.5.jar:6.2.5]
	at org.springframework.beans.factory.support.DefaultListableBeanFactory.doResolveDependency(DefaultListableBeanFactory.java:1584) ~[spring-beans-6.2.5.jar:6.2.5]
	at org.springframework.beans.factory.support.DefaultListableBeanFactory.resolveDependency(DefaultListableBeanFactory.java:1555) ~[spring-beans-6.2.5.jar:6.2.5]
	at org.springframework.beans.factory.annotation.AutowiredAnnotationBeanPostProcessor$AutowiredFieldElement.resolveFieldValue(AutowiredAnnotationBeanPostProcessor.java:785) ~[spring-beans-6.2.5.jar:6.2.5]
	... 48 common frames omitted
Caused by: java.lang.NumberFormatException: For input string: "86400000#24henmillisecondes"
	at java.base/java.lang.NumberFormatException.forInputString(NumberFormatException.java:67) ~[na:na]
	at java.base/java.lang.Long.parseLong(Long.java:709) ~[na:na]
	at java.base/java.lang.Long.valueOf(Long.java:1157) ~[na:na]
	at org.springframework.util.NumberUtils.parseNumber(NumberUtils.java:204) ~[spring-core-6.2.5.jar:6.2.5]
	at org.springframework.beans.propertyeditors.CustomNumberEditor.setAsText(CustomNumberEditor.java:115) ~[spring-beans-6.2.5.jar:6.2.5]
	at org.springframework.beans.TypeConverterDelegate.doConvertTextValue(TypeConverterDelegate.java:439) ~[spring-beans-6.2.5.jar:6.2.5]
	at org.springframework.beans.TypeConverterDelegate.doConvertValue(TypeConverterDelegate.java:412) ~[spring-beans-6.2.5.jar:6.2.5]
	at org.springframework.beans.TypeConverterDelegate.convertIfNecessary(TypeConverterDelegate.java:161) ~[spring-beans-6.2.5.jar:6.2.5]
	at org.springframework.beans.TypeConverterSupport.convertIfNecessary(TypeConverterSupport.java:80) ~[spring-beans-6.2.5.jar:6.2.5]
	... 52 common frames omitted

2025-04-23T21:05:20.786+02:00  INFO 11716 --- [auction] [main] com.mirs.auction.AuctionApplication      : Starting AuctionApplication using Java 21.0.4 with PID 11716 (C:\Users\Bitor\Desktop\auction-backend\target\classes started by Bitor in C:\Users\Bitor\Desktop\auction-backend)
2025-04-23T21:05:20.791+02:00  INFO 11716 --- [auction] [main] com.mirs.auction.AuctionApplication      : No active profile set, falling back to 1 default profile: "default"
2025-04-23T21:05:22.978+02:00  INFO 11716 --- [auction] [main] .s.d.r.c.RepositoryConfigurationDelegate : Bootstrapping Spring Data JPA repositories in DEFAULT mode.
2025-04-23T21:05:23.176+02:00  INFO 11716 --- [auction] [main] .s.d.r.c.RepositoryConfigurationDelegate : Finished Spring Data repository scanning in 172 ms. Found 5 JPA repository interfaces.
2025-04-23T21:05:24.993+02:00  INFO 11716 --- [auction] [main] o.s.b.w.embedded.tomcat.TomcatWebServer  : Tomcat initialized with port 8080 (http)
2025-04-23T21:05:25.032+02:00  INFO 11716 --- [auction] [main] o.apache.catalina.core.StandardService   : Starting service [Tomcat]
2025-04-23T21:05:25.034+02:00  INFO 11716 --- [auction] [main] o.apache.catalina.core.StandardEngine    : Starting Servlet engine: [Apache Tomcat/10.1.39]
2025-04-23T21:05:25.328+02:00  INFO 11716 --- [auction] [main] o.a.c.c.C.[Tomcat].[localhost].[/]       : Initializing Spring embedded WebApplicationContext
2025-04-23T21:05:25.336+02:00  INFO 11716 --- [auction] [main] w.s.c.ServletWebServerApplicationContext : Root WebApplicationContext: initialization completed in 4367 ms
2025-04-23T21:05:26.269+02:00  INFO 11716 --- [auction] [main] o.hibernate.jpa.internal.util.LogHelper  : HHH000204: Processing PersistenceUnitInfo [name: default]
2025-04-23T21:05:26.462+02:00  INFO 11716 --- [auction] [main] org.hibernate.Version                    : HHH000412: Hibernate ORM core version 6.6.11.Final
2025-04-23T21:05:26.625+02:00  INFO 11716 --- [auction] [main] o.h.c.internal.RegionFactoryInitiator    : HHH000026: Second-level cache disabled
2025-04-23T21:05:27.625+02:00  INFO 11716 --- [auction] [main] o.s.o.j.p.SpringPersistenceUnitInfo      : No LoadTimeWeaver setup: ignoring JPA class transformer
2025-04-23T21:05:27.724+02:00  INFO 11716 --- [auction] [main] com.zaxxer.hikari.HikariDataSource       : HikariPool-1 - Starting...
2025-04-23T21:05:28.288+02:00  INFO 11716 --- [auction] [main] com.zaxxer.hikari.pool.HikariPool        : HikariPool-1 - Added connection org.postgresql.jdbc.PgConnection@7d6c4079
2025-04-23T21:05:28.292+02:00  INFO 11716 --- [auction] [main] com.zaxxer.hikari.HikariDataSource       : HikariPool-1 - Start completed.
2025-04-23T21:05:28.372+02:00  WARN 11716 --- [auction] [main] org.hibernate.orm.deprecation            : HHH90000025: PostgreSQLDialect does not need to be specified explicitly using 'hibernate.dialect' (remove the property setting and it will be selected by default)
2025-04-23T21:05:28.426+02:00  INFO 11716 --- [auction] [main] org.hibernate.orm.connections.pooling    : HHH10001005: Database info:
	Database JDBC URL [Connecting through datasource 'HikariDataSource (HikariPool-1)']
	Database driver: undefined/unknown
	Database version: 17.4
	Autocommit mode: undefined/unknown
	Isolation level: undefined/unknown
	Minimum pool size: undefined/unknown
	Maximum pool size: undefined/unknown
2025-04-23T21:05:32.039+02:00  INFO 11716 --- [auction] [main] o.h.e.t.j.p.i.JtaPlatformInitiator       : HHH000489: No JTA platform available (set 'hibernate.transaction.jta.platform' to enable JTA platform integration)
2025-04-23T21:05:32.889+02:00  INFO 11716 --- [auction] [main] j.LocalContainerEntityManagerFactoryBean : Initialized JPA EntityManagerFactory for persistence unit 'default'
2025-04-23T21:05:34.223+02:00  WARN 11716 --- [auction] [main] ConfigServletWebServerApplicationContext : Exception encountered during context initialization - cancelling refresh attempt: org.springframework.beans.factory.UnsatisfiedDependencyException: Error creating bean with name 'authController': Unsatisfied dependency expressed through field 'userService': Error creating bean with name 'userService' defined in file [C:\Users\Bitor\Desktop\auction-backend\target\classes\com\mirs\auction\service\UserService.class]: Unsatisfied dependency expressed through constructor parameter 2: Error creating bean with name 'jwtUtil': Unsatisfied dependency expressed through field 'jwtExpirationMs': Failed to convert value of type 'java.lang.String' to required type 'long'; For input string: "86400000#24henmillisecondes"
2025-04-23T21:05:34.228+02:00  INFO 11716 --- [auction] [main] j.LocalContainerEntityManagerFactoryBean : Closing JPA EntityManagerFactory for persistence unit 'default'
2025-04-23T21:05:34.252+02:00  INFO 11716 --- [auction] [main] com.zaxxer.hikari.HikariDataSource       : HikariPool-1 - Shutdown initiated...
2025-04-23T21:05:34.328+02:00  INFO 11716 --- [auction] [main] com.zaxxer.hikari.HikariDataSource       : HikariPool-1 - Shutdown completed.
2025-04-23T21:05:34.334+02:00  INFO 11716 --- [auction] [main] o.apache.catalina.core.StandardService   : Stopping service [Tomcat]
2025-04-23T21:05:34.390+02:00  INFO 11716 --- [auction] [main] .s.b.a.l.ConditionEvaluationReportLogger : 

Error starting ApplicationContext. To display the condition evaluation report re-run your application with 'debug' enabled.
2025-04-23T21:05:34.694+02:00 ERROR 11716 --- [auction] [main] o.s.boot.SpringApplication               : Application run failed

org.springframework.beans.factory.UnsatisfiedDependencyException: Error creating bean with name 'authController': Unsatisfied dependency expressed through field 'userService': Error creating bean with name 'userService' defined in file [C:\Users\Bitor\Desktop\auction-backend\target\classes\com\mirs\auction\service\UserService.class]: Unsatisfied dependency expressed through constructor parameter 2: Error creating bean with name 'jwtUtil': Unsatisfied dependency expressed through field 'jwtExpirationMs': Failed to convert value of type 'java.lang.String' to required type 'long'; For input string: "86400000#24henmillisecondes"
	at org.springframework.beans.factory.annotation.AutowiredAnnotationBeanPostProcessor$AutowiredFieldElement.resolveFieldValue(AutowiredAnnotationBeanPostProcessor.java:788) ~[spring-beans-6.2.5.jar:6.2.5]
	at org.springframework.beans.factory.annotation.AutowiredAnnotationBeanPostProcessor$AutowiredFieldElement.inject(AutowiredAnnotationBeanPostProcessor.java:768) ~[spring-beans-6.2.5.jar:6.2.5]
	at org.springframework.beans.factory.annotation.InjectionMetadata.inject(InjectionMetadata.java:146) ~[spring-beans-6.2.5.jar:6.2.5]
	at org.springframework.beans.factory.annotation.AutowiredAnnotationBeanPostProcessor.postProcessProperties(AutowiredAnnotationBeanPostProcessor.java:509) ~[spring-beans-6.2.5.jar:6.2.5]
	at org.springframework.beans.factory.support.AbstractAutowireCapableBeanFactory.populateBean(AbstractAutowireCapableBeanFactory.java:1445) ~[spring-beans-6.2.5.jar:6.2.5]
	at org.springframework.beans.factory.support.AbstractAutowireCapableBeanFactory.doCreateBean(AbstractAutowireCapableBeanFactory.java:600) ~[spring-beans-6.2.5.jar:6.2.5]
	at org.springframework.beans.factory.support.AbstractAutowireCapableBeanFactory.createBean(AbstractAutowireCapableBeanFactory.java:523) ~[spring-beans-6.2.5.jar:6.2.5]
	at org.springframework.beans.factory.support.AbstractBeanFactory.lambda$doGetBean$0(AbstractBeanFactory.java:339) ~[spring-beans-6.2.5.jar:6.2.5]
	at org.springframework.beans.factory.support.DefaultSingletonBeanRegistry.getSingleton(DefaultSingletonBeanRegistry.java:347) ~[spring-beans-6.2.5.jar:6.2.5]
	at org.springframework.beans.factory.support.AbstractBeanFactory.doGetBean(AbstractBeanFactory.java:337) ~[spring-beans-6.2.5.jar:6.2.5]
	at org.springframework.beans.factory.support.AbstractBeanFactory.getBean(AbstractBeanFactory.java:202) ~[spring-beans-6.2.5.jar:6.2.5]
	at org.springframework.beans.factory.support.DefaultListableBeanFactory.instantiateSingleton(DefaultListableBeanFactory.java:1155) ~[spring-beans-6.2.5.jar:6.2.5]
	at org.springframework.beans.factory.support.DefaultListableBeanFactory.preInstantiateSingleton(DefaultListableBeanFactory.java:1121) ~[spring-beans-6.2.5.jar:6.2.5]
	at org.springframework.beans.factory.support.DefaultListableBeanFactory.preInstantiateSingletons(DefaultListableBeanFactory.java:1056) ~[spring-beans-6.2.5.jar:6.2.5]
	at org.springframework.context.support.AbstractApplicationContext.finishBeanFactoryInitialization(AbstractApplicationContext.java:987) ~[spring-context-6.2.5.jar:6.2.5]
	at org.springframework.context.support.AbstractApplicationContext.refresh(AbstractApplicationContext.java:627) ~[spring-context-6.2.5.jar:6.2.5]
	at org.springframework.boot.web.servlet.context.ServletWebServerApplicationContext.refresh(ServletWebServerApplicationContext.java:146) ~[spring-boot-3.4.4.jar:3.4.4]
	at org.springframework.boot.SpringApplication.refresh(SpringApplication.java:752) ~[spring-boot-3.4.4.jar:3.4.4]
	at org.springframework.boot.SpringApplication.refreshContext(SpringApplication.java:439) ~[spring-boot-3.4.4.jar:3.4.4]
	at org.springframework.boot.SpringApplication.run(SpringApplication.java:318) ~[spring-boot-3.4.4.jar:3.4.4]
	at org.springframework.boot.SpringApplication.run(SpringApplication.java:1361) ~[spring-boot-3.4.4.jar:3.4.4]
	at org.springframework.boot.SpringApplication.run(SpringApplication.java:1350) ~[spring-boot-3.4.4.jar:3.4.4]
	at com.mirs.auction.AuctionApplication.main(AuctionApplication.java:10) ~[classes/:na]
Caused by: org.springframework.beans.factory.UnsatisfiedDependencyException: Error creating bean with name 'userService' defined in file [C:\Users\Bitor\Desktop\auction-backend\target\classes\com\mirs\auction\service\UserService.class]: Unsatisfied dependency expressed through constructor parameter 2: Error creating bean with name 'jwtUtil': Unsatisfied dependency expressed through field 'jwtExpirationMs': Failed to convert value of type 'java.lang.String' to required type 'long'; For input string: "86400000#24henmillisecondes"
	at org.springframework.beans.factory.support.ConstructorResolver.createArgumentArray(ConstructorResolver.java:804) ~[spring-beans-6.2.5.jar:6.2.5]
	at org.springframework.beans.factory.support.ConstructorResolver.autowireConstructor(ConstructorResolver.java:240) ~[spring-beans-6.2.5.jar:6.2.5]
	at org.springframework.beans.factory.support.AbstractAutowireCapableBeanFactory.autowireConstructor(AbstractAutowireCapableBeanFactory.java:1381) ~[spring-beans-6.2.5.jar:6.2.5]
	at org.springframework.beans.factory.support.AbstractAutowireCapableBeanFactory.createBeanInstance(AbstractAutowireCapableBeanFactory.java:1218) ~[spring-beans-6.2.5.jar:6.2.5]
	at org.springframework.beans.factory.support.AbstractAutowireCapableBeanFactory.doCreateBean(AbstractAutowireCapableBeanFactory.java:563) ~[spring-beans-6.2.5.jar:6.2.5]
	at org.springframework.beans.factory.support.AbstractAutowireCapableBeanFactory.createBean(AbstractAutowireCapableBeanFactory.java:523) ~[spring-beans-6.2.5.jar:6.2.5]
	at org.springframework.beans.factory.support.AbstractBeanFactory.lambda$doGetBean$0(AbstractBeanFactory.java:339) ~[spring-beans-6.2.5.jar:6.2.5]
	at org.springframework.beans.factory.support.DefaultSingletonBeanRegistry.getSingleton(DefaultSingletonBeanRegistry.java:347) ~[spring-beans-6.2.5.jar:6.2.5]
	at org.springframework.beans.factory.support.AbstractBeanFactory.doGetBean(AbstractBeanFactory.java:337) ~[spring-beans-6.2.5.jar:6.2.5]
	at org.springframework.beans.factory.support.AbstractBeanFactory.getBean(AbstractBeanFactory.java:202) ~[spring-beans-6.2.5.jar:6.2.5]
	at org.springframework.beans.factory.support.DefaultListableBeanFactory.doResolveDependency(DefaultListableBeanFactory.java:1609) ~[spring-beans-6.2.5.jar:6.2.5]
	at org.springframework.beans.factory.support.DefaultListableBeanFactory.resolveDependency(DefaultListableBeanFactory.java:1555) ~[spring-beans-6.2.5.jar:6.2.5]
	at org.springframework.beans.factory.annotation.AutowiredAnnotationBeanPostProcessor$AutowiredFieldElement.resolveFieldValue(AutowiredAnnotationBeanPostProcessor.java:785) ~[spring-beans-6.2.5.jar:6.2.5]
	... 22 common frames omitted
Caused by: org.springframework.beans.factory.UnsatisfiedDependencyException: Error creating bean with name 'jwtUtil': Unsatisfied dependency expressed through field 'jwtExpirationMs': Failed to convert value of type 'java.lang.String' to required type 'long'; For input string: "86400000#24henmillisecondes"
	at org.springframework.beans.factory.annotation.AutowiredAnnotationBeanPostProcessor$AutowiredFieldElement.resolveFieldValue(AutowiredAnnotationBeanPostProcessor.java:788) ~[spring-beans-6.2.5.jar:6.2.5]
	at org.springframework.beans.factory.annotation.AutowiredAnnotationBeanPostProcessor$AutowiredFieldElement.inject(AutowiredAnnotationBeanPostProcessor.java:768) ~[spring-beans-6.2.5.jar:6.2.5]
	at org.springframework.beans.factory.annotation.InjectionMetadata.inject(InjectionMetadata.java:146) ~[spring-beans-6.2.5.jar:6.2.5]
	at org.springframework.beans.factory.annotation.AutowiredAnnotationBeanPostProcessor.postProcessProperties(AutowiredAnnotationBeanPostProcessor.java:509) ~[spring-beans-6.2.5.jar:6.2.5]
	at org.springframework.beans.factory.support.AbstractAutowireCapableBeanFactory.populateBean(AbstractAutowireCapableBeanFactory.java:1445) ~[spring-beans-6.2.5.jar:6.2.5]
	at org.springframework.beans.factory.support.AbstractAutowireCapableBeanFactory.doCreateBean(AbstractAutowireCapableBeanFactory.java:600) ~[spring-beans-6.2.5.jar:6.2.5]
	at org.springframework.beans.factory.support.AbstractAutowireCapableBeanFactory.createBean(AbstractAutowireCapableBeanFactory.java:523) ~[spring-beans-6.2.5.jar:6.2.5]
	at org.springframework.beans.factory.support.AbstractBeanFactory.lambda$doGetBean$0(AbstractBeanFactory.java:339) ~[spring-beans-6.2.5.jar:6.2.5]
	at org.springframework.beans.factory.support.DefaultSingletonBeanRegistry.getSingleton(DefaultSingletonBeanRegistry.java:347) ~[spring-beans-6.2.5.jar:6.2.5]
	at org.springframework.beans.factory.support.AbstractBeanFactory.doGetBean(AbstractBeanFactory.java:337) ~[spring-beans-6.2.5.jar:6.2.5]
	at org.springframework.beans.factory.support.AbstractBeanFactory.getBean(AbstractBeanFactory.java:202) ~[spring-beans-6.2.5.jar:6.2.5]
	at org.springframework.beans.factory.support.DefaultListableBeanFactory.doResolveDependency(DefaultListableBeanFactory.java:1609) ~[spring-beans-6.2.5.jar:6.2.5]
	at org.springframework.beans.factory.support.DefaultListableBeanFactory.resolveDependency(DefaultListableBeanFactory.java:1555) ~[spring-beans-6.2.5.jar:6.2.5]
	at org.springframework.beans.factory.support.ConstructorResolver.resolveAutowiredArgument(ConstructorResolver.java:913) ~[spring-beans-6.2.5.jar:6.2.5]
	at org.springframework.beans.factory.support.ConstructorResolver.createArgumentArray(ConstructorResolver.java:791) ~[spring-beans-6.2.5.jar:6.2.5]
	... 34 common frames omitted
Caused by: org.springframework.beans.TypeMismatchException: Failed to convert value of type 'java.lang.String' to required type 'long'; For input string: "86400000#24henmillisecondes"
	at org.springframework.beans.TypeConverterSupport.convertIfNecessary(TypeConverterSupport.java:87) ~[spring-beans-6.2.5.jar:6.2.5]
	at org.springframework.beans.TypeConverterSupport.convertIfNecessary(TypeConverterSupport.java:71) ~[spring-beans-6.2.5.jar:6.2.5]
	at org.springframework.beans.factory.support.DefaultListableBeanFactory.doResolveDependency(DefaultListableBeanFactory.java:1584) ~[spring-beans-6.2.5.jar:6.2.5]
	at org.springframework.beans.factory.support.DefaultListableBeanFactory.resolveDependency(DefaultListableBeanFactory.java:1555) ~[spring-beans-6.2.5.jar:6.2.5]
	at org.springframework.beans.factory.annotation.AutowiredAnnotationBeanPostProcessor$AutowiredFieldElement.resolveFieldValue(AutowiredAnnotationBeanPostProcessor.java:785) ~[spring-beans-6.2.5.jar:6.2.5]
	... 48 common frames omitted
Caused by: java.lang.NumberFormatException: For input string: "86400000#24henmillisecondes"
	at java.base/java.lang.NumberFormatException.forInputString(NumberFormatException.java:67) ~[na:na]
	at java.base/java.lang.Long.parseLong(Long.java:709) ~[na:na]
	at java.base/java.lang.Long.valueOf(Long.java:1157) ~[na:na]
	at org.springframework.util.NumberUtils.parseNumber(NumberUtils.java:204) ~[spring-core-6.2.5.jar:6.2.5]
	at org.springframework.beans.propertyeditors.CustomNumberEditor.setAsText(CustomNumberEditor.java:115) ~[spring-beans-6.2.5.jar:6.2.5]
	at org.springframework.beans.TypeConverterDelegate.doConvertTextValue(TypeConverterDelegate.java:439) ~[spring-beans-6.2.5.jar:6.2.5]
	at org.springframework.beans.TypeConverterDelegate.doConvertValue(TypeConverterDelegate.java:412) ~[spring-beans-6.2.5.jar:6.2.5]
	at org.springframework.beans.TypeConverterDelegate.convertIfNecessary(TypeConverterDelegate.java:161) ~[spring-beans-6.2.5.jar:6.2.5]
	at org.springframework.beans.TypeConverterSupport.convertIfNecessary(TypeConverterSupport.java:80) ~[spring-beans-6.2.5.jar:6.2.5]
	... 52 common frames omitted

2025-04-23T21:10:29.649+02:00  INFO 26068 --- [auction] [main] com.mirs.auction.AuctionApplication      : Starting AuctionApplication using Java 21.0.4 with PID 26068 (C:\Users\Bitor\Desktop\auction-backend\target\classes started by Bitor in C:\Users\Bitor\Desktop\auction-backend)
2025-04-23T21:10:29.653+02:00  INFO 26068 --- [auction] [main] com.mirs.auction.AuctionApplication      : No active profile set, falling back to 1 default profile: "default"
2025-04-23T21:10:31.556+02:00  INFO 26068 --- [auction] [main] .s.d.r.c.RepositoryConfigurationDelegate : Bootstrapping Spring Data JPA repositories in DEFAULT mode.
2025-04-23T21:10:31.785+02:00  INFO 26068 --- [auction] [main] .s.d.r.c.RepositoryConfigurationDelegate : Finished Spring Data repository scanning in 189 ms. Found 5 JPA repository interfaces.
2025-04-23T21:10:33.304+02:00  INFO 26068 --- [auction] [main] o.s.b.w.embedded.tomcat.TomcatWebServer  : Tomcat initialized with port 8080 (http)
2025-04-23T21:10:33.336+02:00  INFO 26068 --- [auction] [main] o.apache.catalina.core.StandardService   : Starting service [Tomcat]
2025-04-23T21:10:33.337+02:00  INFO 26068 --- [auction] [main] o.apache.catalina.core.StandardEngine    : Starting Servlet engine: [Apache Tomcat/10.1.39]
2025-04-23T21:10:33.486+02:00  INFO 26068 --- [auction] [main] o.a.c.c.C.[Tomcat].[localhost].[/]       : Initializing Spring embedded WebApplicationContext
2025-04-23T21:10:33.487+02:00  INFO 26068 --- [auction] [main] w.s.c.ServletWebServerApplicationContext : Root WebApplicationContext: initialization completed in 3704 ms
2025-04-23T21:10:33.955+02:00  INFO 26068 --- [auction] [main] o.hibernate.jpa.internal.util.LogHelper  : HHH000204: Processing PersistenceUnitInfo [name: default]
2025-04-23T21:10:34.102+02:00  INFO 26068 --- [auction] [main] org.hibernate.Version                    : HHH000412: Hibernate ORM core version 6.6.11.Final
2025-04-23T21:10:34.244+02:00  INFO 26068 --- [auction] [main] o.h.c.internal.RegionFactoryInitiator    : HHH000026: Second-level cache disabled
2025-04-23T21:10:35.128+02:00  INFO 26068 --- [auction] [main] o.s.o.j.p.SpringPersistenceUnitInfo      : No LoadTimeWeaver setup: ignoring JPA class transformer
2025-04-23T21:10:35.213+02:00  INFO 26068 --- [auction] [main] com.zaxxer.hikari.HikariDataSource       : HikariPool-1 - Starting...
2025-04-23T21:10:35.708+02:00  INFO 26068 --- [auction] [main] com.zaxxer.hikari.pool.HikariPool        : HikariPool-1 - Added connection org.postgresql.jdbc.PgConnection@17d76ebb
2025-04-23T21:10:35.712+02:00  INFO 26068 --- [auction] [main] com.zaxxer.hikari.HikariDataSource       : HikariPool-1 - Start completed.
2025-04-23T21:10:35.787+02:00  WARN 26068 --- [auction] [main] org.hibernate.orm.deprecation            : HHH90000025: PostgreSQLDialect does not need to be specified explicitly using 'hibernate.dialect' (remove the property setting and it will be selected by default)
2025-04-23T21:10:35.832+02:00  INFO 26068 --- [auction] [main] org.hibernate.orm.connections.pooling    : HHH10001005: Database info:
	Database JDBC URL [Connecting through datasource 'HikariDataSource (HikariPool-1)']
	Database driver: undefined/unknown
	Database version: 17.4
	Autocommit mode: undefined/unknown
	Isolation level: undefined/unknown
	Minimum pool size: undefined/unknown
	Maximum pool size: undefined/unknown
2025-04-23T21:10:39.024+02:00  INFO 26068 --- [auction] [main] o.h.e.t.j.p.i.JtaPlatformInitiator       : HHH000489: No JTA platform available (set 'hibernate.transaction.jta.platform' to enable JTA platform integration)
2025-04-23T21:10:40.324+02:00  INFO 26068 --- [auction] [main] j.LocalContainerEntityManagerFactoryBean : Initialized JPA EntityManagerFactory for persistence unit 'default'
2025-04-23T21:10:41.408+02:00  WARN 26068 --- [auction] [main] JpaBaseConfiguration$JpaWebConfiguration : spring.jpa.open-in-view is enabled by default. Therefore, database queries may be performed during view rendering. Explicitly configure spring.jpa.open-in-view to disable this warning
2025-04-23T21:10:41.482+02:00  INFO 26068 --- [auction] [main] eAuthenticationProviderManagerConfigurer : Global AuthenticationManager configured with AuthenticationProvider bean with name authProvider
2025-04-23T21:10:41.484+02:00  WARN 26068 --- [auction] [main] r$InitializeUserDetailsManagerConfigurer : Global AuthenticationManager configured with an AuthenticationProvider bean. UserDetailsService beans will not be used by Spring Security for automatically configuring username/password login. Consider removing the AuthenticationProvider bean. Alternatively, consider using the UserDetailsService in a manually instantiated DaoAuthenticationProvider. If the current configuration is intentional, to turn off this warning, increase the logging level of 'org.springframework.security.config.annotation.authentication.configuration.InitializeUserDetailsBeanManagerConfigurer' to ERROR
2025-04-23T21:10:43.104+02:00  INFO 26068 --- [auction] [main] o.s.m.s.b.SimpleBrokerMessageHandler     : Starting...
2025-04-23T21:10:43.106+02:00  INFO 26068 --- [auction] [main] o.s.m.s.b.SimpleBrokerMessageHandler     : BrokerAvailabilityEvent[available=true, SimpleBrokerMessageHandler [org.springframework.messaging.simp.broker.DefaultSubscriptionRegistry@752573df]]
2025-04-23T21:10:43.109+02:00  INFO 26068 --- [auction] [main] o.s.m.s.b.SimpleBrokerMessageHandler     : Started.
2025-04-23T21:10:43.175+02:00  INFO 26068 --- [auction] [main] o.s.b.w.embedded.tomcat.TomcatWebServer  : Tomcat started on port 8080 (http) with context path '/'
2025-04-23T21:10:43.191+02:00  INFO 26068 --- [auction] [main] com.mirs.auction.AuctionApplication      : Started AuctionApplication in 14.708 seconds (process running for 16.66)
2025-04-23T21:11:06.637+02:00  INFO 26068 --- [auction] [http-nio-8080-exec-1] o.a.c.c.C.[Tomcat].[localhost].[/]       : Initializing Spring DispatcherServlet 'dispatcherServlet'
2025-04-23T21:11:06.637+02:00  INFO 26068 --- [auction] [http-nio-8080-exec-1] o.s.web.servlet.DispatcherServlet        : Initializing Servlet 'dispatcherServlet'
2025-04-23T21:11:06.640+02:00  INFO 26068 --- [auction] [http-nio-8080-exec-1] o.s.web.servlet.DispatcherServlet        : Completed initialization in 2 ms
2025-04-23T21:11:07.537+02:00 DEBUG 26068 --- [auction] [http-nio-8080-exec-1] org.hibernate.SQL                        : 
    select
        u1_0.user_id,
        u1_0.user_created_at,
        u1_0.user_email,
        u1_0.user_email_verified,
        u1_0.user_name,
        u1_0.user_password,
        u1_0.user_phone,
        u1_0.user_status,
        u1_0.verification_token 
    from
        users u1_0 
    where
        u1_0.user_name=?
2025-04-23T21:11:43.105+02:00  INFO 26068 --- [auction] [MessageBroker-1] o.s.w.s.c.WebSocketMessageBrokerStats    : WebSocketSession[0 current WS(0)-HttpStream(0)-HttpPoll(0), 0 total, 0 closed abnormally (0 connect failure, 0 send limit, 0 transport error)], stompSubProtocol[processed CONNECT(0)-CONNECTED(0)-DISCONNECT(0)], stompBrokerRelay[null], inboundChannel[pool size = 0, active threads = 0, queued tasks = 0, completed tasks = 0], outboundChannel[pool size = 0, active threads = 0, queued tasks = 0, completed tasks = 0], sockJsScheduler[pool size = 1, active threads = 1, queued tasks = 0, completed tasks = 0]
2025-04-23T21:41:43.119+02:00  INFO 26068 --- [auction] [MessageBroker-1] o.s.w.s.c.WebSocketMessageBrokerStats    : WebSocketSession[0 current WS(0)-HttpStream(0)-HttpPoll(0), 0 total, 0 closed abnormally (0 connect failure, 0 send limit, 0 transport error)], stompSubProtocol[processed CONNECT(0)-CONNECTED(0)-DISCONNECT(0)], stompBrokerRelay[null], inboundChannel[pool size = 0, active threads = 0, queued tasks = 0, completed tasks = 0], outboundChannel[pool size = 0, active threads = 0, queued tasks = 0, completed tasks = 0], sockJsScheduler[pool size = 2, active threads = 1, queued tasks = 0, completed tasks = 1]
